<?xml version="1.0" encoding="UTF-8"?>
<!-- Generated by org.testng.reporters.JUnitXMLReporter -->
<testsuite hostname="AHZDL5CG7210L47" ignored="0" name="Regression suite" tests="1" failures="1" timestamp="26 Oct 2021 14:38:34 GMT" time="10.618" errors="0">
  <testcase name="FFPMItemFlowValidation1" time="2.068" classname="demoproject.automation.demoapp.test.FFPMApplication">
    <failure type="java.lang.NullPointerException">
      <![CDATA[java.lang.NullPointerException
at demoproject.automation.core.util.CommonUtil.refresh(CommonUtil.java:1244)
at demoproject.automation.demoapp.test.FFPMApplication.FFPMItemFlowValidation1(FFPMApplication.java:234)
... Removed 25 stack frames]]>
    </failure>
  </testcase> <!-- FFPMItemFlowValidation1 -->
</testsuite> <!-- Regression suite -->
