<?xml version="1.0" encoding="UTF-8"?>
<!-- Generated by org.testng.reporters.JUnitXMLReporter -->
<testsuite hostname="AHZDL5CG5241L9K" ignored="0" name="Regression suite" tests="2" failures="2" timestamp="20 Jul 2018 08:06:07 GMT" time="129.98" errors="0">
  <testcase name="wink4" time="118.736" classname="demoproject.automation.demoapp.test.WinkApplication">
    <failure type="java.lang.AssertionError" message="Product page opened expected [true] but found [false]">
      <![CDATA[java.lang.AssertionError: Product page opened expected [true] but found [false]
at demoproject.automation.demoapp.test.WinkApplication.wink4(WinkApplication.java:365)
... Removed 28 stack frames]]>
    </failure>
  </testcase> <!-- wink4 -->
  <testcase name="wink6" time="0.062" classname="demoproject.automation.demoapp.test.WinkApplication">
    <failure type="org.testng.internal.reflect.MethodMatcherException" message="
Data provider mismatch
Method: wink6([Parameter{index=0, type=java.lang.String, declaredAnnotations=[]}, Parameter{index=1, type=java.lang.String, declaredAnnotations=[]}, Parameter{index=2, type=java.lang.String, declaredAnnotations=[]}, Parameter{index=3, type=java.lang.String, declaredAnnotations=[]}, Parameter{index=4, type=java.lang.String, declaredAnnotations=[]}, Parameter{index=5, type=java.lang.String, declaredAnnotations=[]}, Parameter{index=6, type=java.lang.String, declaredAnnotations=[]}, Parameter{index=7, type=java.lang.String, declaredAnnotations=[]}, Parameter{index=8, type=java.lang.String, declaredAnnotations=[]}, Parameter{index=9, type=java.lang.String, declaredAnnotations=[]}, Parameter{index=10, type=java.lang.String, declaredAnnotations=[]}])
Arguments: [(java.lang.String) T001,(java.lang.String) Y,(java.lang.String) Negative,(java.lang.String) T001_TC,(java.lang.String) Verify that an Employee is unable to login to Wink application with invalid username and password,(java.lang.String) employee,(java.lang.String) password,(java.lang.String) ,(java.lang.String) ,(java.lang.String) ,(java.lang.String) ,(java.lang.String) ]">
      <![CDATA[org.testng.internal.reflect.MethodMatcherException: 
Data provider mismatch
Method: wink6([Parameter{index=0, type=java.lang.String, declaredAnnotations=[]}, Parameter{index=1, type=java.lang.String, declaredAnnotations=[]}, Parameter{index=2, type=java.lang.String, declaredAnnotations=[]}, Parameter{index=3, type=java.lang.String, declaredAnnotations=[]}, Parameter{index=4, type=java.lang.String, declaredAnnotations=[]}, Parameter{index=5, type=java.lang.String, declaredAnnotations=[]}, Parameter{index=6, type=java.lang.String, declaredAnnotations=[]}, Parameter{index=7, type=java.lang.String, declaredAnnotations=[]}, Parameter{index=8, type=java.lang.String, declaredAnnotations=[]}, Parameter{index=9, type=java.lang.String, declaredAnnotations=[]}, Parameter{index=10, type=java.lang.String, declaredAnnotations=[]}])
Arguments: [(java.lang.String) T001,(java.lang.String) Y,(java.lang.String) Negative,(java.lang.String) T001_TC,(java.lang.String) Verify that an Employee is unable to login to Wink application with invalid username and password,(java.lang.String) employee,(java.lang.String) password,(java.lang.String) ,(java.lang.String) ,(java.lang.String) ,(java.lang.String) ,(java.lang.String) ]
... Removed 20 stack frames]]>
    </failure>
  </testcase> <!-- wink6 -->
</testsuite> <!-- Regression suite -->
