<?xml version="1.0" encoding="UTF-8"?>
<testng-results skipped="0" failed="0" ignored="0" total="1" passed="1">
  <reporter-output>
  </reporter-output>
  <suite name="demoproject Test Suite" duration-ms="124162" started-at="2018-01-09T10:46:28Z" finished-at="2018-01-09T10:48:32Z">
    <groups>
    </groups>
    <test name="Regression suite" duration-ms="124162" started-at="2018-01-09T10:46:28Z" finished-at="2018-01-09T10:48:32Z">
      <class name="demoproject.automation.demoapp.test.Integration_ALM_demoappnew">
        <test-method status="PASS" signature="Setup()[pri:0, instance:demoproject.automation.demoapp.test.Integration_ALM_demoappnew@5dfcfece]" name="Setup" is-config="true" duration-ms="13943" started-at="2018-01-09T16:16:29Z" finished-at="2018-01-09T16:16:43Z">
          <reporter-output>
          </reporter-output>
        </test-method> <!-- Setup -->
        <test-method status="PASS" signature="almtolit(java.lang.String, java.lang.String, java.lang.String, java.lang.String, java.lang.String, java.lang.String, java.lang.String, java.lang.String, java.lang.String)[pri:0, instance:demoproject.automation.demoapp.test.Integration_ALM_demoappnew@5dfcfece]" name="almtolit" duration-ms="103891" started-at="2018-01-09T16:16:43Z" data-provider="almtolit1" finished-at="2018-01-09T16:18:27Z">
          <params>
            <param index="0">
              <value>
                <![CDATA[T1858879]]>
              </value>
            </param>
            <param index="1">
              <value>
                <![CDATA[Y]]>
              </value>
            </param>
            <param index="2">
              <value>
                <![CDATA[Positive]]>
              </value>
            </param>
            <param index="3">
              <value>
                <![CDATA[T1858879_TC]]>
              </value>
            </param>
            <param index="4">
              <value>
                <![CDATA[tmukherjee]]>
              </value>
            </param>
            <param index="5">
              <value>
                <![CDATA[Kolkata@18]]>
              </value>
            </param>
            <param index="6">
              <value>
                <![CDATA[tmukherjee@demoproject.com]]>
              </value>
            </param>
            <param index="7">
              <value>
                <![CDATA[Kolkata@2017]]>
              </value>
            </param>
            <param index="8">
              <value>
                <![CDATA[Society]]>
              </value>
            </param>
          </params>
          <reporter-output>
          </reporter-output>
        </test-method> <!-- almtolit -->
        <test-method status="PASS" signature="TearDown()[pri:0, instance:demoproject.automation.demoapp.test.Integration_ALM_demoappnew@5dfcfece]" name="TearDown" is-config="true" duration-ms="5261" started-at="2018-01-09T16:18:27Z" finished-at="2018-01-09T16:18:32Z">
          <reporter-output>
          </reporter-output>
        </test-method> <!-- TearDown -->
      </class> <!-- demoproject.automation.demoapp.test.Integration_ALM_demoappnew -->
      <class name="demoproject.automation.core.report.SetupReport">
        <test-method status="PASS" signature="setupReport(java.lang.String, java.lang.String, java.lang.String)[pri:0, instance:demoproject.automation.core.report.SetupReport@5ae9a829]" name="setupReport" is-config="true" duration-ms="136" started-at="2018-01-09T16:16:28Z" finished-at="2018-01-09T16:16:28Z">
          <params>
            <param index="0">
              <value>
                <![CDATA[test]]>
              </value>
            </param>
            <param index="1">
              <value>
                <![CDATA[chrome]]>
              </value>
            </param>
            <param index="2">
              <value>
                <![CDATA[all]]>
              </value>
            </param>
          </params>
          <reporter-output>
          </reporter-output>
        </test-method> <!-- setupReport -->
      </class> <!-- demoproject.automation.core.report.SetupReport -->
      <class name="demoproject.automation.core.report.TeardownReport">
        <test-method status="PASS" signature="teardownReport()[pri:0, instance:demoproject.automation.core.report.TeardownReport@56f4468b]" name="teardownReport" is-config="true" duration-ms="92" started-at="2018-01-09T16:18:33Z" finished-at="2018-01-09T16:18:33Z">
          <reporter-output>
          </reporter-output>
        </test-method> <!-- teardownReport -->
      </class> <!-- demoproject.automation.core.report.TeardownReport -->
    </test> <!-- Regression suite -->
  </suite> <!-- demoproject Test Suite -->
</testng-results>
